<?xml version="1.0" encoding="UTF-8"?>
<!-- Generated by org.testng.reporters.JUnitReportReporter -->
<testsuite hostname="LAPTOP-SN45DK24" failures="0" tests="1" name="com.hrms.testscripts.Tc_002" time="13.430" errors="0" timestamp="7 Nov 2022 11:28:01 GMT">
  <testcase classname="com.hrms.testscripts.Tc_002" name="tc_002" time="13.430"/>
</testsuite> <!-- com.hrms.testscripts.Tc_002 -->
