<?xml version="1.0" encoding="UTF-8"?>
<!-- Generated by org.testng.reporters.JUnitReportReporter -->
<testsuite hostname="LAPTOP-SN45DK24" failures="0" tests="1" name="com.hrms.testscripts.Tc_002" time="26.195" errors="0" timestamp="4 Nov 2022 11:46:11 GMT">
  <testcase classname="com.hrms.testscripts.Tc_002" name="tc_002" time="26.195"/>
</testsuite> <!-- com.hrms.testscripts.Tc_002 -->
